<?xml version="1.0" encoding="UTF-8"?>
<testsuite xmlns:xsi="http://www.w3.org/2001/XMLSchema-instance" xsi:noNamespaceSchemaLocation="https://maven.apache.org/surefire/maven-surefire-plugin/xsd/surefire-test-report-3.0.xsd" version="3.0" name="com.kama.integration.NettyRpcIntegrationTest" time="3.422" tests="1" errors="0" skipped="0" failures="0">
  <properties>
[...]
</properties>
  <testcase name="testNettyRpcEndToEnd" classname="com.kama.integration.NettyRpcIntegrationTest" time="3.416">
    <system-out><![CDATA[21:05:42.701 [Thread-1] INFO com.kama.server.server.impl.NettyRpcServer -- Netty服务端启动了
21:05:42.737 [Thread-1] INFO com.kama.server.server.impl.NettyRpcServer -- Netty服务端已绑定端口：60381
21:05:42.922 [nioEventLoopGroup-4-1] INFO com.kama.client.netty.NettyClientInitializer -- Netty client pipeline initialized with serializer type: Hessian
21:05:42.955 [nioEventLoopGroup-3-1] INFO com.kama.server.ratelimit.provider.RateLimitProvider -- 为接口 [com.kama.integration.NettyRpcIntegrationTest$EchoService] 创建了新的限流策略: com.kama.server.ratelimit.impl.TokenBucketRateLimitImpl@37cd190a
21:05:45.042 [main] INFO com.kama.server.server.impl.NettyRpcServer -- Netty服务端主通道已关闭
]]></system-out>
  </testcase>
</testsuite>